0.9112 	WARNING 	We strongly recommend you activate the PTB sound engine in PsychoPy prefs as the preferred audio engine. Its timing is vastly superior. Your prefs are currently set to use ['sounddevice', 'PTB', 'pyo', 'pygame'] (in that order).
6.0948 	EXP 	Created window1 = Window(allowGUI=True, allowStencil=False, args=UNKNOWN, autoLog=True, bitsMode=UNKNOWN, blendMode='avg', bpc=(8, 8, 8), color=array([0., 0., 0.]), colorSpace='rgb', depthBits=8, fullscr=<method-wrapper '__getattribute__' of attributeSetter object at 0x0000020E19FD2748>, gamma=None, gammaErrorPolicy='raise', kwargs=UNKNOWN, lms=UNKNOWN, monitor=<psychopy.monitors.calibTools.Monitor object at 0x0000020E19D53E10>, multiSample=False, name='window1', numSamples=2, pos=[192.0, 108.0], screen=0, size=array([1536,  864]), stencilBits=0, stereo=False, units='norm', useFBO=True, useRetina=False, viewOri=0.0, viewPos=None, viewScale=None, waitBlanking=True, winType='pyglet')
6.0950 	EXP 	window1: mouseVisible = True
6.0950 	EXP 	window1: recordFrameIntervals = False
6.2603 	EXP 	window1: recordFrameIntervals = True
6.4434 	EXP 	window1: recordFrameIntervals = False
6.5693 	EXP 	Created text = TextStim(__class__=<class 'psychopy.visual.text.TextStim'>, alignHoriz=method-wrapper(...), alignText='center', alignVert=method-wrapper(...), anchorHoriz='center', anchorVert='center', antialias=True, autoLog=True, bold=False, color='white', colorSpace='named', contrast=1.0, depth=0.0, flipHoriz=False, flipVert=False, font='Arial', fontFiles=[], height=0.1, italic=False, languageStyle='LTR', name='text', opacity=1.0, ori=0, pos=array([0., 0.]), rgb=array([255., 255., 255.]), text=str(...), units='norm', win=Window(...), wrapWidth=1)
6.5722 	EXP 	Created text_3 = TextStim(__class__=<class 'psychopy.visual.text.TextStim'>, alignHoriz=method-wrapper(...), alignText='center', alignVert=method-wrapper(...), anchorHoriz='center', anchorVert='center', antialias=True, autoLog=True, bold=False, color='white', colorSpace='named', contrast=1.0, depth=-1.0, flipHoriz=False, flipVert=False, font='Arial', fontFiles=[], height=0.1, italic=False, languageStyle='LTR', name='text_3', opacity=1.0, ori=0, pos=array([0., 0.]), rgb=array([255., 255., 255.]), text='Loading...', units='norm', win=Window(...), wrapWidth=1)
6.5739 	EXP 	Created leftImagePortrait = ImageStim(__class__=<class 'psychopy.visual.image.ImageStim'>, autoLog=True, color=array([1., 1., 1.]), colorSpace='rgb', contrast=1.0, depth=-1.0, flipHoriz=False, flipVert=False, image='sin', interpolate=True, mask=None, maskParams=None, name='leftImagePortrait', opacity=1.0, ori=0.0, pos=array([-0.5,  0. ]), size=array([0.99, 0.99]), texRes=128, units='norm', win=Window(...))
6.5751 	EXP 	Created rightImagePortrait = ImageStim(__class__=<class 'psychopy.visual.image.ImageStim'>, autoLog=True, color=array([1., 1., 1.]), colorSpace='rgb', contrast=1.0, depth=-3.0, flipHoriz=False, flipVert=False, image='sin', interpolate=True, mask=None, maskParams=None, name='rightImagePortrait', opacity=1.0, ori=0.0, pos=array([0.5, 0. ]), size=array([0.99, 0.99]), texRes=128, units='norm', win=Window(...))
6.5774 	EXP 	Created text_2 = TextStim(__class__=<class 'psychopy.visual.text.TextStim'>, alignHoriz=method-wrapper(...), alignText='center', alignVert=method-wrapper(...), anchorHoriz='center', anchorVert='center', antialias=True, autoLog=True, bold=False, color='white', colorSpace='named', contrast=1.0, depth=-4.0, flipHoriz=False, flipVert=False, font='Arial', fontFiles=[], height=0.1, italic=False, languageStyle='LTR', name='text_2', opacity=1.0, ori=0, pos=array([0., 0.]), rgb=array([255., 255., 255.]), text='Please record your answer. ', units='norm', win=Window(...), wrapWidth=1)
6.6132 	EXP 	text: autoDraw = True
7.1035 	EXP 	Imported imageConds3.xlsx as conditions, 2 conditions, 3 params
7.1037 	EXP 	Created sequence: sequential, trialTypes=2, nReps=1, seed=None
7.1039 	EXP 	New trial (rep=0, index=0): OrderedDict([('imageSetLvl', 1), ('imageSetName', 'barber'), ('refSetNumber', 7)])
7.1073 	DATA 	Keypress: space
7.1101 	EXP 	text: autoDraw = False
7.1101 	EXP 	text_3: autoDraw = True
9.0913 	EXP 	Created sequence: random, trialTypes=1, nReps=18, seed=None
9.0915 	EXP 	New trial (rep=0, index=0): None
9.3343 	EXP 	window1: recordFrameIntervals = False
9.3398 	EXP 	text_3: autoDraw = False
9.3398 	EXP 	leftImagePortrait: image = 'stimuli/1/2/7_barber.png'
9.3398 	EXP 	rightImagePortrait: image = 'stimuli/1/2/21_barber.png'
9.3399 	EXP 	window1: recordFrameIntervals = False
9.8492 	EXP 	leftImagePortrait: autoDraw = True
9.8492 	EXP 	rightImagePortrait: autoDraw = True
10.2254 	DATA 	Keypress: right
14.8363 	EXP 	text_2: autoDraw = True
14.8528 	EXP 	leftImagePortrait: autoDraw = False
14.8528 	EXP 	rightImagePortrait: autoDraw = False
15.2901 	DATA 	Keypress: right
15.3083 	EXP 	New trial (rep=1, index=0): None
15.3895 	EXP 	window1: recordFrameIntervals = False
15.3948 	EXP 	leftImagePortrait: autoDraw = False
15.3948 	EXP 	rightImagePortrait: autoDraw = False
15.3948 	EXP 	text_2: autoDraw = False
15.3948 	EXP 	leftImagePortrait: image = 'stimuli/1/2/7_barber.png'
15.3948 	EXP 	rightImagePortrait: image = 'stimuli/1/2/18_barber.png'
15.3949 	EXP 	window1: recordFrameIntervals = False
15.8863 	EXP 	leftImagePortrait: autoDraw = True
15.8863 	EXP 	rightImagePortrait: autoDraw = True
20.8817 	EXP 	text_2: autoDraw = True
20.8987 	EXP 	leftImagePortrait: autoDraw = False
20.8987 	EXP 	rightImagePortrait: autoDraw = False
21.3356 	EXP 	New trial (rep=2, index=0): None
21.4180 	EXP 	window1: recordFrameIntervals = False
21.4197 	DATA 	Keypress: left
21.4232 	EXP 	leftImagePortrait: autoDraw = False
21.4232 	EXP 	rightImagePortrait: autoDraw = False
21.4232 	EXP 	text_2: autoDraw = False
21.4232 	EXP 	leftImagePortrait: image = 'stimuli/1/1/7_barber.png'
21.4232 	EXP 	rightImagePortrait: image = 'stimuli/1/1/21_barber.png'
21.4233 	EXP 	window1: recordFrameIntervals = False
21.9158 	EXP 	leftImagePortrait: autoDraw = True
21.9158 	EXP 	rightImagePortrait: autoDraw = True
26.9098 	EXP 	text_2: autoDraw = True
26.9261 	EXP 	leftImagePortrait: autoDraw = False
26.9261 	EXP 	rightImagePortrait: autoDraw = False
27.2139 	EXP 	New trial (rep=3, index=0): None
27.2988 	EXP 	window1: recordFrameIntervals = False
27.3008 	DATA 	Keypress: right
27.3044 	EXP 	leftImagePortrait: autoDraw = False
27.3044 	EXP 	rightImagePortrait: autoDraw = False
27.3044 	EXP 	text_2: autoDraw = False
27.3044 	EXP 	leftImagePortrait: image = 'stimuli/1/1/18_barber.png'
27.3044 	EXP 	rightImagePortrait: image = 'stimuli/1/1/7_barber.png'
27.3046 	EXP 	window1: recordFrameIntervals = False
27.8081 	EXP 	leftImagePortrait: autoDraw = True
27.8081 	EXP 	rightImagePortrait: autoDraw = True
32.7881 	EXP 	text_2: autoDraw = True
32.8213 	EXP 	leftImagePortrait: autoDraw = False
32.8213 	EXP 	rightImagePortrait: autoDraw = False
33.1429 	EXP 	New trial (rep=4, index=0): None
33.2297 	EXP 	window1: recordFrameIntervals = False
33.2318 	DATA 	Keypress: left
33.2351 	EXP 	leftImagePortrait: autoDraw = False
33.2351 	EXP 	rightImagePortrait: autoDraw = False
33.2351 	EXP 	text_2: autoDraw = False
33.2351 	EXP 	leftImagePortrait: image = 'stimuli/1/2/7_barber.png'
33.2351 	EXP 	rightImagePortrait: image = 'stimuli/1/2/17_barber.png'
33.2353 	EXP 	window1: recordFrameIntervals = False
33.7364 	EXP 	leftImagePortrait: autoDraw = True
33.7364 	EXP 	rightImagePortrait: autoDraw = True
38.7329 	EXP 	text_2: autoDraw = True
38.7497 	EXP 	leftImagePortrait: autoDraw = False
38.7497 	EXP 	rightImagePortrait: autoDraw = False
39.0040 	EXP 	New trial (rep=5, index=0): None
39.0767 	EXP 	window1: recordFrameIntervals = False
39.0786 	DATA 	Keypress: right
39.0820 	EXP 	leftImagePortrait: autoDraw = False
39.0820 	EXP 	rightImagePortrait: autoDraw = False
39.0820 	EXP 	text_2: autoDraw = False
39.0820 	EXP 	leftImagePortrait: image = 'stimuli/1/3/7_barber.png'
39.0820 	EXP 	rightImagePortrait: image = 'stimuli/1/3/21_barber.png'
39.0821 	EXP 	window1: recordFrameIntervals = False
39.5825 	EXP 	leftImagePortrait: autoDraw = True
39.5825 	EXP 	rightImagePortrait: autoDraw = True
44.5789 	EXP 	text_2: autoDraw = True
44.5956 	EXP 	leftImagePortrait: autoDraw = False
44.5956 	EXP 	rightImagePortrait: autoDraw = False
44.8840 	DATA 	Keypress: right
44.8995 	EXP 	New trial (rep=6, index=0): None
44.9720 	EXP 	window1: recordFrameIntervals = False
44.9772 	EXP 	leftImagePortrait: autoDraw = False
44.9772 	EXP 	rightImagePortrait: autoDraw = False
44.9772 	EXP 	text_2: autoDraw = False
44.9772 	EXP 	leftImagePortrait: image = 'stimuli/1/3/7_barber.png'
44.9772 	EXP 	rightImagePortrait: image = 'stimuli/1/3/18_barber.png'
44.9775 	EXP 	window1: recordFrameIntervals = False
45.4778 	EXP 	leftImagePortrait: autoDraw = True
45.4778 	EXP 	rightImagePortrait: autoDraw = True
50.4748 	EXP 	text_2: autoDraw = True
50.4917 	EXP 	leftImagePortrait: autoDraw = False
50.4917 	EXP 	rightImagePortrait: autoDraw = False
50.8117 	EXP 	New trial (rep=7, index=0): None
50.8936 	EXP 	window1: recordFrameIntervals = False
50.8955 	DATA 	Keypress: right
50.8991 	EXP 	leftImagePortrait: autoDraw = False
50.8991 	EXP 	rightImagePortrait: autoDraw = False
50.8991 	EXP 	text_2: autoDraw = False
50.8991 	EXP 	leftImagePortrait: image = 'stimuli/1/3/7_barber.png'
50.8991 	EXP 	rightImagePortrait: image = 'stimuli/1/3/17_barber.png'
50.8992 	EXP 	window1: recordFrameIntervals = False
51.3898 	EXP 	leftImagePortrait: autoDraw = True
51.3898 	EXP 	rightImagePortrait: autoDraw = True
56.3854 	EXP 	text_2: autoDraw = True
56.4018 	EXP 	leftImagePortrait: autoDraw = False
56.4018 	EXP 	rightImagePortrait: autoDraw = False
56.8398 	DATA 	Keypress: down
57.7223 	EXP 	New trial (rep=8, index=0): None
57.8011 	EXP 	window1: recordFrameIntervals = False
57.8031 	DATA 	Keypress: left
57.8062 	EXP 	leftImagePortrait: autoDraw = False
57.8062 	EXP 	rightImagePortrait: autoDraw = False
57.8062 	EXP 	text_2: autoDraw = False
57.8062 	EXP 	leftImagePortrait: image = 'stimuli/1/1/7_barber.png'
57.8062 	EXP 	rightImagePortrait: image = 'stimuli/1/1/17_barber.png'
57.8064 	EXP 	window1: recordFrameIntervals = False
58.3003 	EXP 	leftImagePortrait: autoDraw = True
58.3003 	EXP 	rightImagePortrait: autoDraw = True
63.2961 	EXP 	text_2: autoDraw = True
63.3130 	EXP 	leftImagePortrait: autoDraw = False
63.3130 	EXP 	rightImagePortrait: autoDraw = False
63.6347 	DATA 	Keypress: right
63.6531 	EXP 	New trial (rep=9, index=0): None
63.7246 	EXP 	window1: recordFrameIntervals = False
63.7297 	EXP 	leftImagePortrait: autoDraw = False
63.7297 	EXP 	rightImagePortrait: autoDraw = False
63.7297 	EXP 	text_2: autoDraw = False
63.7297 	EXP 	leftImagePortrait: image = 'stimuli/1/2/7_barber.png'
63.7297 	EXP 	rightImagePortrait: image = 'stimuli/1/2/0_barber.png'
63.7298 	EXP 	window1: recordFrameIntervals = False
64.2292 	EXP 	leftImagePortrait: autoDraw = True
64.2292 	EXP 	rightImagePortrait: autoDraw = True
69.2247 	EXP 	text_2: autoDraw = True
69.2414 	EXP 	leftImagePortrait: autoDraw = False
69.2414 	EXP 	rightImagePortrait: autoDraw = False
69.6342 	EXP 	New trial (rep=10, index=0): None
69.7116 	EXP 	window1: recordFrameIntervals = False
69.7134 	DATA 	Keypress: left
69.7169 	EXP 	leftImagePortrait: autoDraw = False
69.7169 	EXP 	rightImagePortrait: autoDraw = False
69.7169 	EXP 	text_2: autoDraw = False
69.7169 	EXP 	leftImagePortrait: image = 'stimuli/1/3/7_barber.png'
69.7169 	EXP 	rightImagePortrait: image = 'stimuli/1/3/0_barber.png'
69.7170 	EXP 	window1: recordFrameIntervals = False
70.2076 	EXP 	leftImagePortrait: autoDraw = True
70.2076 	EXP 	rightImagePortrait: autoDraw = True
75.2031 	EXP 	text_2: autoDraw = True
75.2203 	EXP 	leftImagePortrait: autoDraw = False
75.2203 	EXP 	rightImagePortrait: autoDraw = False
75.5587 	EXP 	New trial (rep=11, index=0): None
75.6326 	EXP 	window1: recordFrameIntervals = False
75.6351 	DATA 	Keypress: left
75.6384 	EXP 	leftImagePortrait: autoDraw = False
75.6384 	EXP 	rightImagePortrait: autoDraw = False
75.6384 	EXP 	text_2: autoDraw = False
75.6384 	EXP 	leftImagePortrait: image = 'stimuli/1/1/0_barber.png'
75.6384 	EXP 	rightImagePortrait: image = 'stimuli/1/1/7_barber.png'
75.6385 	EXP 	window1: recordFrameIntervals = False
76.1358 	EXP 	leftImagePortrait: autoDraw = True
76.1358 	EXP 	rightImagePortrait: autoDraw = True
81.1317 	EXP 	text_2: autoDraw = True
81.1503 	EXP 	leftImagePortrait: autoDraw = False
81.1503 	EXP 	rightImagePortrait: autoDraw = False
211.6819 	DATA 	Mouse: Left button down, pos=(850,70)
211.8954 	DATA 	Mouse:  Left button up, pos=(850,70)
212.3109 	DATA 	Keypress: right
212.3281 	EXP 	New trial (rep=12, index=0): None
212.4048 	EXP 	window1: recordFrameIntervals = False
212.4095 	EXP 	leftImagePortrait: autoDraw = False
212.4095 	EXP 	rightImagePortrait: autoDraw = False
212.4095 	EXP 	text_2: autoDraw = False
212.4095 	EXP 	leftImagePortrait: image = 'stimuli/1/1/7_barber.png'
212.4095 	EXP 	rightImagePortrait: image = 'stimuli/1/1/0_barber.png'
212.4097 	EXP 	window1: recordFrameIntervals = False
212.9066 	EXP 	leftImagePortrait: autoDraw = True
212.9066 	EXP 	rightImagePortrait: autoDraw = True
217.9022 	EXP 	text_2: autoDraw = True
217.9192 	EXP 	leftImagePortrait: autoDraw = False
217.9192 	EXP 	rightImagePortrait: autoDraw = False
218.2440 	EXP 	New trial (rep=13, index=0): None
218.3363 	EXP 	window1: recordFrameIntervals = False
218.3386 	DATA 	Keypress: left
218.3419 	EXP 	leftImagePortrait: autoDraw = False
218.3419 	EXP 	rightImagePortrait: autoDraw = False
218.3419 	EXP 	text_2: autoDraw = False
218.3419 	EXP 	leftImagePortrait: image = 'stimuli/1/2/7_barber.png'
218.3419 	EXP 	rightImagePortrait: image = 'stimuli/1/2/0_barber.png'
218.3421 	EXP 	window1: recordFrameIntervals = False
218.8347 	EXP 	leftImagePortrait: autoDraw = True
218.8347 	EXP 	rightImagePortrait: autoDraw = True
223.8483 	EXP 	leftImagePortrait: autoDraw = False
223.8483 	EXP 	rightImagePortrait: autoDraw = False
223.8483 	EXP 	text_2: autoDraw = True
377.7628 	DATA 	Mouse: Left button down, pos=(1051,593)
377.9752 	DATA 	Mouse:  Left button up, pos=(1051,593)
380.7557 	DATA 	Keypress: escape
380.8616 	EXP 	window1: mouseVisible = True
