2.5855 	WARNING 	We strongly recommend you activate the PTB sound engine in PsychoPy prefs as the preferred audio engine. Its timing is vastly superior. Your prefs are currently set to use ['sounddevice', 'PTB', 'pyo', 'pygame'] (in that order).
10.4998 	WARNING 	User requested fullscreen with size [1536  864], but screen is actually [1920, 1080]. Using actual size
13.3575 	EXP 	Created window1 = Window(allowGUI=False, allowStencil=False, args=UNKNOWN, autoLog=True, bitsMode=UNKNOWN, blendMode='avg', bpc=(8, 8, 8), color=array([0., 0., 0.]), colorSpace='rgb', depthBits=8, fullscr=<method-wrapper '__getattribute__' of attributeSetter object at 0x000001953E4652B0>, gamma=None, gammaErrorPolicy='raise', kwargs=UNKNOWN, lms=UNKNOWN, monitor=<psychopy.monitors.calibTools.Monitor object at 0x000001953E531978>, multiSample=False, name='window1', numSamples=2, pos=[0.0, 0.0], screen=0, size=array([1920, 1080]), stencilBits=0, stereo=False, units='norm', useFBO=True, useRetina=False, viewOri=0.0, viewPos=None, viewScale=None, waitBlanking=True, winType='pyglet')
13.3579 	EXP 	window1: mouseVisible = True
13.3579 	EXP 	window1: recordFrameIntervals = False
13.5233 	EXP 	window1: recordFrameIntervals = True
13.7067 	EXP 	window1: recordFrameIntervals = False
13.9554 	EXP 	Created text = TextStim(__class__=<class 'psychopy.visual.text.TextStim'>, alignHoriz=method-wrapper(...), alignText='center', alignVert=method-wrapper(...), anchorHoriz='center', anchorVert='center', antialias=True, autoLog=True, bold=False, color='white', colorSpace='named', contrast=1.0, depth=0.0, flipHoriz=False, flipVert=False, font='Arial', fontFiles=[], height=0.1, italic=False, languageStyle='LTR', name='text', opacity=1.0, ori=0, pos=array([0., 0.]), rgb=array([255., 255., 255.]), text=str(...), units='norm', win=Window(...), wrapWidth=1)
13.9591 	EXP 	Created leftImagePortrait = ImageStim(__class__=<class 'psychopy.visual.image.ImageStim'>, autoLog=True, color=array([1., 1., 1.]), colorSpace='rgb', contrast=1.0, depth=-1.0, flipHoriz=False, flipVert=False, image='sin', interpolate=True, mask=None, maskParams=None, name='leftImagePortrait', opacity=1.0, ori=0.0, pos=array([-0.5,  0. ]), size=array([0.5, 0.5]), texRes=128, units='norm', win=Window(...))
13.9621 	EXP 	Created rightImagePortrait = ImageStim(__class__=<class 'psychopy.visual.image.ImageStim'>, autoLog=True, color=array([1., 1., 1.]), colorSpace='rgb', contrast=1.0, depth=-3.0, flipHoriz=False, flipVert=False, image='sin', interpolate=True, mask=None, maskParams=None, name='rightImagePortrait', opacity=1.0, ori=0.0, pos=array([0.5, 0. ]), size=array([0.5, 0.5]), texRes=128, units='norm', win=Window(...))
13.9677 	EXP 	Created text_2 = TextStim(__class__=<class 'psychopy.visual.text.TextStim'>, alignHoriz=method-wrapper(...), alignText='center', alignVert=method-wrapper(...), anchorHoriz='center', anchorVert='center', antialias=True, autoLog=True, bold=False, color='white', colorSpace='named', contrast=1.0, depth=-4.0, flipHoriz=False, flipVert=False, font='Arial', fontFiles=[], height=0.1, italic=False, languageStyle='LTR', name='text_2', opacity=1.0, ori=0, pos=array([0., 0.]), rgb=array([255., 255., 255.]), text='Please record your answer. ', units='norm', win=Window(...), wrapWidth=1)
14.0148 	EXP 	text: autoDraw = True
14.8440 	DATA 	Keypress: space
14.9181 	EXP 	Imported imageConds.xlsx as conditions, 1 conditions, 2 params
14.9185 	EXP 	Created sequence: sequential, trialTypes=1, nReps=1, seed=None
14.9190 	EXP 	New trial (rep=0, index=0): OrderedDict([('imageSetLvl', 1), ('imageSetName', 'all')])
14.9212 	EXP 	Created sequence: random, trialTypes=1, nReps=18, seed=None
14.9217 	EXP 	New trial (rep=0, index=0): None
15.0328 	EXP 	window1: recordFrameIntervals = False
15.0374 	EXP 	text: autoDraw = False
15.0374 	EXP 	leftImagePortrait: image = 'stimuli/1/1/8_all.png'
15.0374 	EXP 	rightImagePortrait: image = 'stimuli/1/1/24_all.png'
15.0376 	EXP 	window1: recordFrameIntervals = False
15.5862 	EXP 	leftImagePortrait: autoDraw = True
15.5862 	EXP 	rightImagePortrait: autoDraw = True
20.5346 	EXP 	text_2: autoDraw = True
20.6008 	EXP 	leftImagePortrait: autoDraw = False
20.6008 	EXP 	rightImagePortrait: autoDraw = False
21.4579 	EXP 	New trial (rep=1, index=0): None
21.5410 	EXP 	window1: recordFrameIntervals = False
21.5434 	DATA 	Keypress: left
21.5461 	EXP 	leftImagePortrait: autoDraw = False
21.5461 	EXP 	rightImagePortrait: autoDraw = False
21.5461 	EXP 	text_2: autoDraw = False
21.5461 	EXP 	leftImagePortrait: image = 'stimuli/1/2/8_all.png'
21.5461 	EXP 	rightImagePortrait: image = 'stimuli/1/2/24_all.png'
21.5463 	EXP 	window1: recordFrameIntervals = False
22.0383 	EXP 	leftImagePortrait: autoDraw = True
22.0383 	EXP 	rightImagePortrait: autoDraw = True
27.0456 	EXP 	leftImagePortrait: autoDraw = False
27.0456 	EXP 	rightImagePortrait: autoDraw = False
27.0456 	EXP 	text_2: autoDraw = True
27.5496 	DATA 	Keypress: right
28.3519 	EXP 	New trial (rep=2, index=0): None
28.4132 	EXP 	window1: recordFrameIntervals = False
28.4155 	DATA 	Keypress: left
28.4182 	EXP 	leftImagePortrait: autoDraw = False
28.4182 	EXP 	rightImagePortrait: autoDraw = False
28.4182 	EXP 	text_2: autoDraw = False
28.4182 	EXP 	leftImagePortrait: image = 'stimuli/1/2/24_all.png'
28.4182 	EXP 	rightImagePortrait: image = 'stimuli/1/2/8_all.png'
28.4184 	EXP 	window1: recordFrameIntervals = False
28.9202 	EXP 	leftImagePortrait: autoDraw = True
28.9202 	EXP 	rightImagePortrait: autoDraw = True
33.9071 	EXP 	text_2: autoDraw = True
33.9232 	EXP 	leftImagePortrait: autoDraw = False
33.9232 	EXP 	rightImagePortrait: autoDraw = False
34.4891 	EXP 	New trial (rep=3, index=0): None
34.5758 	EXP 	window1: recordFrameIntervals = False
34.5783 	DATA 	Keypress: left
34.5810 	EXP 	leftImagePortrait: autoDraw = False
34.5810 	EXP 	rightImagePortrait: autoDraw = False
34.5810 	EXP 	text_2: autoDraw = False
34.5810 	EXP 	leftImagePortrait: image = 'stimuli/1/1/8_all.png'
34.5810 	EXP 	rightImagePortrait: image = 'stimuli/1/1/18_all.png'
34.5812 	EXP 	window1: recordFrameIntervals = False
35.0702 	EXP 	leftImagePortrait: autoDraw = True
35.0702 	EXP 	rightImagePortrait: autoDraw = True
40.0687 	EXP 	text_2: autoDraw = True
40.0848 	EXP 	leftImagePortrait: autoDraw = False
40.0848 	EXP 	rightImagePortrait: autoDraw = False
40.5725 	DATA 	Keypress: right
41.0718 	DATA 	Keypress: right
41.6068 	EXP 	New trial (rep=4, index=0): None
41.6899 	EXP 	window1: recordFrameIntervals = False
41.6918 	DATA 	Keypress: left
41.6945 	EXP 	leftImagePortrait: autoDraw = False
41.6945 	EXP 	rightImagePortrait: autoDraw = False
41.6945 	EXP 	text_2: autoDraw = False
41.6945 	EXP 	leftImagePortrait: image = 'stimuli/1/2/18_all.png'
41.6945 	EXP 	rightImagePortrait: image = 'stimuli/1/2/8_all.png'
41.6947 	EXP 	window1: recordFrameIntervals = False
42.1860 	EXP 	leftImagePortrait: autoDraw = True
42.1860 	EXP 	rightImagePortrait: autoDraw = True
47.1795 	EXP 	text_2: autoDraw = True
47.1956 	EXP 	leftImagePortrait: autoDraw = False
47.1956 	EXP 	rightImagePortrait: autoDraw = False
47.5853 	EXP 	New trial (rep=5, index=0): None
47.6630 	EXP 	window1: recordFrameIntervals = False
47.6647 	DATA 	Keypress: left
47.6674 	EXP 	leftImagePortrait: autoDraw = False
47.6674 	EXP 	rightImagePortrait: autoDraw = False
47.6674 	EXP 	text_2: autoDraw = False
47.6674 	EXP 	leftImagePortrait: image = 'stimuli/1/2/8_all.png'
47.6674 	EXP 	rightImagePortrait: image = 'stimuli/1/2/14_all.png'
47.6676 	EXP 	window1: recordFrameIntervals = False
48.1575 	EXP 	leftImagePortrait: autoDraw = True
48.1575 	EXP 	rightImagePortrait: autoDraw = True
53.1574 	EXP 	leftImagePortrait: autoDraw = False
53.1574 	EXP 	rightImagePortrait: autoDraw = False
53.1574 	EXP 	text_2: autoDraw = True
53.5477 	DATA 	Keypress: right
54.1277 	DATA 	Keypress: right
54.5299 	EXP 	New trial (rep=6, index=0): None
54.6008 	EXP 	window1: recordFrameIntervals = False
54.6025 	DATA 	Keypress: left
54.6051 	EXP 	leftImagePortrait: autoDraw = False
54.6051 	EXP 	rightImagePortrait: autoDraw = False
54.6051 	EXP 	text_2: autoDraw = False
54.6051 	EXP 	leftImagePortrait: image = 'stimuli/1/2/8_all.png'
54.6051 	EXP 	rightImagePortrait: image = 'stimuli/1/2/18_all.png'
54.6054 	EXP 	window1: recordFrameIntervals = False
55.0942 	EXP 	leftImagePortrait: autoDraw = True
55.0942 	EXP 	rightImagePortrait: autoDraw = True
60.1017 	EXP 	leftImagePortrait: autoDraw = False
60.1017 	EXP 	rightImagePortrait: autoDraw = False
60.1017 	EXP 	text_2: autoDraw = True
60.5727 	DATA 	Keypress: right
61.2055 	DATA 	Keypress: right
62.4548 	DATA 	Keypress: right
62.8208 	DATA 	Keypress: right
63.8865 	DATA 	Keypress: right
64.8356 	DATA 	Keypress: right
65.4354 	DATA 	Keypress: right
65.9685 	DATA 	Keypress: right
66.1845 	DATA 	Keypress: right
66.3844 	DATA 	Keypress: right
66.5845 	DATA 	Keypress: right
66.8009 	DATA 	Keypress: right
66.9839 	DATA 	Keypress: right
67.8496 	DATA 	Keypress: left
67.8690 	EXP 	New trial (rep=7, index=0): None
67.9551 	EXP 	window1: recordFrameIntervals = False
67.9605 	EXP 	leftImagePortrait: autoDraw = False
67.9605 	EXP 	rightImagePortrait: autoDraw = False
67.9605 	EXP 	text_2: autoDraw = False
67.9605 	EXP 	leftImagePortrait: image = 'stimuli/1/2/15_all.png'
67.9605 	EXP 	rightImagePortrait: image = 'stimuli/1/2/8_all.png'
67.9607 	EXP 	window1: recordFrameIntervals = False
68.4492 	EXP 	leftImagePortrait: autoDraw = True
68.4492 	EXP 	rightImagePortrait: autoDraw = True
69.1974 	DATA 	Keypress: right
69.5804 	DATA 	Keypress: right
73.4574 	EXP 	leftImagePortrait: autoDraw = False
73.4574 	EXP 	rightImagePortrait: autoDraw = False
73.4574 	EXP 	text_2: autoDraw = True
74.3617 	DATA 	Keypress: right
74.6114 	DATA 	Keypress: right
74.8104 	DATA 	Keypress: right
75.0279 	DATA 	Keypress: right
75.2269 	DATA 	Keypress: right
75.6123 	EXP 	New trial (rep=8, index=0): None
75.6984 	EXP 	window1: recordFrameIntervals = False
75.7004 	DATA 	Keypress: left
75.7035 	EXP 	leftImagePortrait: autoDraw = False
75.7035 	EXP 	rightImagePortrait: autoDraw = False
75.7035 	EXP 	text_2: autoDraw = False
75.7035 	EXP 	leftImagePortrait: image = 'stimuli/1/2/19_all.png'
75.7035 	EXP 	rightImagePortrait: image = 'stimuli/1/2/8_all.png'
75.7037 	EXP 	window1: recordFrameIntervals = False
76.2036 	EXP 	leftImagePortrait: autoDraw = True
76.2036 	EXP 	rightImagePortrait: autoDraw = True
77.1577 	DATA 	Keypress: escape
77.5264 	EXP 	window1: mouseVisible = True
