0.9861 	WARNING 	We strongly recommend you activate the PTB sound engine in PsychoPy prefs as the preferred audio engine. Its timing is vastly superior. Your prefs are currently set to use ['sounddevice', 'PTB', 'pyo', 'pygame'] (in that order).
6.3531 	EXP 	Created window1 = Window(allowGUI=True, allowStencil=False, args=UNKNOWN, autoLog=True, bitsMode=UNKNOWN, blendMode='avg', bpc=(8, 8, 8), color=array([0., 0., 0.]), colorSpace='rgb', depthBits=8, fullscr=<method-wrapper '__getattribute__' of attributeSetter object at 0x0000025F6E1A2748>, gamma=None, gammaErrorPolicy='raise', kwargs=UNKNOWN, lms=UNKNOWN, monitor=<psychopy.monitors.calibTools.Monitor object at 0x0000025F6DF22E10>, multiSample=False, name='window1', numSamples=2, pos=[192.0, 108.0], screen=0, size=array([1536,  864]), stencilBits=0, stereo=False, units='norm', useFBO=True, useRetina=False, viewOri=0.0, viewPos=None, viewScale=None, waitBlanking=True, winType='pyglet')
6.3532 	EXP 	window1: mouseVisible = True
6.3532 	EXP 	window1: recordFrameIntervals = False
6.5191 	EXP 	window1: recordFrameIntervals = True
6.7026 	EXP 	window1: recordFrameIntervals = False
6.8245 	EXP 	Created text = TextStim(__class__=<class 'psychopy.visual.text.TextStim'>, alignHoriz=method-wrapper(...), alignText='center', alignVert=method-wrapper(...), anchorHoriz='center', anchorVert='center', antialias=True, autoLog=True, bold=False, color='white', colorSpace='named', contrast=1.0, depth=0.0, flipHoriz=False, flipVert=False, font='Arial', fontFiles=[], height=0.1, italic=False, languageStyle='LTR', name='text', opacity=1.0, ori=0, pos=array([0., 0.]), rgb=array([255., 255., 255.]), text=str(...), units='norm', win=Window(...), wrapWidth=1)
6.8272 	EXP 	Created text_3 = TextStim(__class__=<class 'psychopy.visual.text.TextStim'>, alignHoriz=method-wrapper(...), alignText='center', alignVert=method-wrapper(...), anchorHoriz='center', anchorVert='center', antialias=True, autoLog=True, bold=False, color='white', colorSpace='named', contrast=1.0, depth=-1.0, flipHoriz=False, flipVert=False, font='Arial', fontFiles=[], height=0.1, italic=False, languageStyle='LTR', name='text_3', opacity=1.0, ori=0, pos=array([0., 0.]), rgb=array([255., 255., 255.]), text='Loading...', units='norm', win=Window(...), wrapWidth=1)
6.8290 	EXP 	Created leftImagePortrait = ImageStim(__class__=<class 'psychopy.visual.image.ImageStim'>, autoLog=True, color=array([1., 1., 1.]), colorSpace='rgb', contrast=1.0, depth=-1.0, flipHoriz=False, flipVert=False, image='sin', interpolate=True, mask=None, maskParams=None, name='leftImagePortrait', opacity=1.0, ori=0.0, pos=array([-0.5,  0. ]), size=array([0.99, 0.99]), texRes=128, units='norm', win=Window(...))
6.8303 	EXP 	Created rightImagePortrait = ImageStim(__class__=<class 'psychopy.visual.image.ImageStim'>, autoLog=True, color=array([1., 1., 1.]), colorSpace='rgb', contrast=1.0, depth=-3.0, flipHoriz=False, flipVert=False, image='sin', interpolate=True, mask=None, maskParams=None, name='rightImagePortrait', opacity=1.0, ori=0.0, pos=array([0.5, 0. ]), size=array([0.99, 0.99]), texRes=128, units='norm', win=Window(...))
6.8324 	EXP 	Created text_2 = TextStim(__class__=<class 'psychopy.visual.text.TextStim'>, alignHoriz=method-wrapper(...), alignText='center', alignVert=method-wrapper(...), anchorHoriz='center', anchorVert='center', antialias=True, autoLog=True, bold=False, color='white', colorSpace='named', contrast=1.0, depth=-4.0, flipHoriz=False, flipVert=False, font='Arial', fontFiles=[], height=0.1, italic=False, languageStyle='LTR', name='text_2', opacity=1.0, ori=0, pos=array([0., 0.]), rgb=array([255., 255., 255.]), text='Please record your answer. ', units='norm', win=Window(...), wrapWidth=1)
6.8623 	EXP 	text: autoDraw = True
7.5315 	EXP 	Imported imageConds3.xlsx as conditions, 2 conditions, 3 params
7.5317 	EXP 	Created sequence: sequential, trialTypes=2, nReps=1, seed=None
7.5319 	EXP 	New trial (rep=0, index=0): OrderedDict([('imageSetLvl', 1), ('imageSetName', 'barber'), ('refSetNumber', 7)])
7.5353 	DATA 	Keypress: space
7.5381 	EXP 	text: autoDraw = False
7.5381 	EXP 	text_3: autoDraw = True
9.5176 	EXP 	Created sequence: random, trialTypes=1, nReps=60, seed=None
9.5179 	EXP 	New trial (rep=0, index=0): None
9.6046 	EXP 	window1: recordFrameIntervals = False
9.6093 	EXP 	text_3: autoDraw = False
9.6093 	EXP 	leftImagePortrait: image = 'stimuli/1/2/21_barber.png'
9.6093 	EXP 	rightImagePortrait: image = 'stimuli/1/2/7_barber.png'
9.6094 	EXP 	window1: recordFrameIntervals = False
10.1230 	EXP 	leftImagePortrait: autoDraw = True
10.1230 	EXP 	rightImagePortrait: autoDraw = True
12.5839 	DATA 	Keypress: left
15.0955 	EXP 	text_2: autoDraw = True
15.1292 	EXP 	leftImagePortrait: autoDraw = False
15.1292 	EXP 	rightImagePortrait: autoDraw = False
15.5346 	EXP 	New trial (rep=1, index=0): None
15.6166 	EXP 	window1: recordFrameIntervals = False
15.6182 	DATA 	Keypress: left
15.6212 	EXP 	leftImagePortrait: autoDraw = False
15.6212 	EXP 	rightImagePortrait: autoDraw = False
15.6212 	EXP 	text_2: autoDraw = False
15.6212 	EXP 	leftImagePortrait: image = 'stimuli/1/1/7_barber.png'
15.6212 	EXP 	rightImagePortrait: image = 'stimuli/1/1/21_barber.png'
15.6213 	EXP 	window1: recordFrameIntervals = False
16.1138 	EXP 	leftImagePortrait: autoDraw = True
16.1138 	EXP 	rightImagePortrait: autoDraw = True
21.1073 	EXP 	text_2: autoDraw = True
21.1241 	EXP 	leftImagePortrait: autoDraw = False
21.1241 	EXP 	rightImagePortrait: autoDraw = False
25.8407 	DATA 	Keypress: escape
25.9786 	EXP 	window1: mouseVisible = True
