0.8917 	WARNING 	We strongly recommend you activate the PTB sound engine in PsychoPy prefs as the preferred audio engine. Its timing is vastly superior. Your prefs are currently set to use ['sounddevice', 'PTB', 'pyo', 'pygame'] (in that order).
11.4647 	WARNING 	User requested fullscreen with size [1536  864], but screen is actually [1920, 1080]. Using actual size
13.0096 	EXP 	Created window1 = Window(allowGUI=False, allowStencil=False, args=UNKNOWN, autoLog=True, bitsMode=UNKNOWN, blendMode='avg', bpc=(8, 8, 8), color=array([0., 0., 0.]), colorSpace='rgb', depthBits=8, fullscr=<method-wrapper '__getattribute__' of attributeSetter object at 0x0000011A302E4518>, gamma=None, gammaErrorPolicy='raise', kwargs=UNKNOWN, lms=UNKNOWN, monitor=<psychopy.monitors.calibTools.Monitor object at 0x0000011A300E2BE0>, multiSample=False, name='window1', numSamples=2, pos=[0.0, 0.0], screen=0, size=array([1920, 1080]), stencilBits=0, stereo=False, units='norm', useFBO=True, useRetina=False, viewOri=0.0, viewPos=None, viewScale=None, waitBlanking=True, winType='pyglet')
13.0102 	EXP 	window1: mouseVisible = True
13.0103 	EXP 	window1: recordFrameIntervals = False
13.1743 	EXP 	window1: recordFrameIntervals = True
13.3587 	EXP 	window1: recordFrameIntervals = False
13.4785 	EXP 	Created text = TextStim(__class__=<class 'psychopy.visual.text.TextStim'>, alignHoriz=method-wrapper(...), alignText='center', alignVert=method-wrapper(...), anchorHoriz='center', anchorVert='center', antialias=True, autoLog=True, bold=False, color='white', colorSpace='named', contrast=1.0, depth=0.0, flipHoriz=False, flipVert=False, font='Arial', fontFiles=[], height=0.1, italic=False, languageStyle='LTR', name='text', opacity=1.0, ori=0, pos=array([0., 0.]), rgb=array([255., 255., 255.]), text=str(...), units='norm', win=Window(...), wrapWidth=1)
13.4800 	EXP 	Created leftImagePortrait = ImageStim(__class__=<class 'psychopy.visual.image.ImageStim'>, autoLog=True, color=array([1., 1., 1.]), colorSpace='rgb', contrast=1.0, depth=-1.0, flipHoriz=False, flipVert=False, image='sin', interpolate=True, mask=None, maskParams=None, name='leftImagePortrait', opacity=1.0, ori=0.0, pos=array([-0.5,  0. ]), size=array([1., 1.]), texRes=128, units='norm', win=Window(...))
13.4812 	EXP 	Created rightImagePortrait = ImageStim(__class__=<class 'psychopy.visual.image.ImageStim'>, autoLog=True, color=array([1., 1., 1.]), colorSpace='rgb', contrast=1.0, depth=-3.0, flipHoriz=False, flipVert=False, image='sin', interpolate=True, mask=None, maskParams=None, name='rightImagePortrait', opacity=1.0, ori=0.0, pos=array([0.5, 0. ]), size=array([1., 1.]), texRes=128, units='norm', win=Window(...))
13.4833 	EXP 	Created text_2 = TextStim(__class__=<class 'psychopy.visual.text.TextStim'>, alignHoriz=method-wrapper(...), alignText='center', alignVert=method-wrapper(...), anchorHoriz='center', anchorVert='center', antialias=True, autoLog=True, bold=False, color='white', colorSpace='named', contrast=1.0, depth=-4.0, flipHoriz=False, flipVert=False, font='Arial', fontFiles=[], height=0.1, italic=False, languageStyle='LTR', name='text_2', opacity=1.0, ori=0, pos=array([0., 0.]), rgb=array([255., 255., 255.]), text='Please record your answer. ', units='norm', win=Window(...), wrapWidth=1)
13.5114 	EXP 	text: autoDraw = True
14.0489 	EXP 	Imported imageConds2.xlsx as conditions, 2 conditions, 3 params
14.0491 	EXP 	Created sequence: sequential, trialTypes=2, nReps=1, seed=None
14.0493 	EXP 	New trial (rep=0, index=0): OrderedDict([('imageSetLvl', 1), ('imageSetName', 'barber'), ('refSetNumber', 7)])
14.0511 	EXP 	Created sequence: random, trialTypes=1, nReps=18, seed=None
14.0513 	EXP 	New trial (rep=0, index=0): None
14.1661 	EXP 	window1: recordFrameIntervals = False
14.1687 	DATA 	Keypress: space
14.1722 	EXP 	text: autoDraw = False
14.1722 	EXP 	leftImagePortrait: image = 'stimuli/1/1/21_barber.png'
14.1722 	EXP 	rightImagePortrait: image = 'stimuli/1/1/7_barber.png'
14.1724 	EXP 	window1: recordFrameIntervals = False
14.6807 	EXP 	leftImagePortrait: autoDraw = True
14.6807 	EXP 	rightImagePortrait: autoDraw = True
19.6717 	EXP 	text_2: autoDraw = True
19.6859 	EXP 	leftImagePortrait: autoDraw = False
19.6859 	EXP 	rightImagePortrait: autoDraw = False
20.3111 	EXP 	New trial (rep=1, index=0): None
20.3849 	EXP 	window1: recordFrameIntervals = False
20.3870 	DATA 	Keypress: left
20.3903 	EXP 	leftImagePortrait: autoDraw = False
20.3903 	EXP 	rightImagePortrait: autoDraw = False
20.3903 	EXP 	text_2: autoDraw = False
20.3903 	EXP 	leftImagePortrait: image = 'stimuli/1/3/21_barber.png'
20.3903 	EXP 	rightImagePortrait: image = 'stimuli/1/3/7_barber.png'
20.3904 	EXP 	window1: recordFrameIntervals = False
20.8804 	EXP 	leftImagePortrait: autoDraw = True
20.8804 	EXP 	rightImagePortrait: autoDraw = True
25.8811 	EXP 	leftImagePortrait: autoDraw = False
25.8811 	EXP 	rightImagePortrait: autoDraw = False
25.8978 	EXP 	text_2: autoDraw = True
26.2534 	EXP 	New trial (rep=2, index=0): None
26.3415 	EXP 	window1: recordFrameIntervals = False
26.3435 	DATA 	Keypress: left
26.3470 	EXP 	leftImagePortrait: autoDraw = False
26.3470 	EXP 	rightImagePortrait: autoDraw = False
26.3470 	EXP 	text_2: autoDraw = False
26.3470 	EXP 	leftImagePortrait: image = 'stimuli/1/2/7_barber.png'
26.3470 	EXP 	rightImagePortrait: image = 'stimuli/1/2/21_barber.png'
26.3471 	EXP 	window1: recordFrameIntervals = False
26.8376 	EXP 	leftImagePortrait: autoDraw = True
26.8376 	EXP 	rightImagePortrait: autoDraw = True
31.8426 	EXP 	leftImagePortrait: autoDraw = False
31.8426 	EXP 	rightImagePortrait: autoDraw = False
31.8426 	EXP 	text_2: autoDraw = True
32.2472 	EXP 	New trial (rep=3, index=0): None
32.3213 	EXP 	window1: recordFrameIntervals = False
32.3233 	DATA 	Keypress: left
32.3265 	EXP 	leftImagePortrait: autoDraw = False
32.3265 	EXP 	rightImagePortrait: autoDraw = False
32.3265 	EXP 	text_2: autoDraw = False
32.3265 	EXP 	leftImagePortrait: image = 'stimuli/1/2/7_barber.png'
32.3265 	EXP 	rightImagePortrait: image = 'stimuli/1/2/21_barber.png'
32.3267 	EXP 	window1: recordFrameIntervals = False
32.8157 	EXP 	leftImagePortrait: autoDraw = True
32.8157 	EXP 	rightImagePortrait: autoDraw = True
37.8213 	EXP 	leftImagePortrait: autoDraw = False
37.8213 	EXP 	rightImagePortrait: autoDraw = False
37.8213 	EXP 	text_2: autoDraw = True
38.1770 	EXP 	New trial (rep=4, index=0): None
38.2527 	EXP 	window1: recordFrameIntervals = False
38.2545 	DATA 	Keypress: right
38.2579 	EXP 	leftImagePortrait: autoDraw = False
38.2579 	EXP 	rightImagePortrait: autoDraw = False
38.2579 	EXP 	text_2: autoDraw = False
38.2579 	EXP 	leftImagePortrait: image = 'stimuli/1/2/7_barber.png'
38.2579 	EXP 	rightImagePortrait: image = 'stimuli/1/2/1_barber.png'
38.2580 	EXP 	window1: recordFrameIntervals = False
38.7492 	EXP 	leftImagePortrait: autoDraw = True
38.7492 	EXP 	rightImagePortrait: autoDraw = True
43.7497 	EXP 	leftImagePortrait: autoDraw = False
43.7497 	EXP 	rightImagePortrait: autoDraw = False
43.7497 	EXP 	text_2: autoDraw = True
45.2557 	DATA 	Keypress: left
45.2754 	EXP 	New trial (rep=5, index=0): None
45.3604 	EXP 	window1: recordFrameIntervals = False
45.3655 	EXP 	leftImagePortrait: autoDraw = False
45.3655 	EXP 	rightImagePortrait: autoDraw = False
45.3655 	EXP 	text_2: autoDraw = False
45.3655 	EXP 	leftImagePortrait: image = 'stimuli/1/1/1_barber.png'
45.3655 	EXP 	rightImagePortrait: image = 'stimuli/1/1/7_barber.png'
45.3656 	EXP 	window1: recordFrameIntervals = False
45.8564 	EXP 	leftImagePortrait: autoDraw = True
45.8564 	EXP 	rightImagePortrait: autoDraw = True
50.8605 	EXP 	leftImagePortrait: autoDraw = False
50.8605 	EXP 	rightImagePortrait: autoDraw = False
50.8605 	EXP 	text_2: autoDraw = True
51.3011 	EXP 	New trial (rep=6, index=0): None
51.3718 	EXP 	window1: recordFrameIntervals = False
51.3737 	DATA 	Keypress: right
51.3771 	EXP 	leftImagePortrait: autoDraw = False
51.3771 	EXP 	rightImagePortrait: autoDraw = False
51.3771 	EXP 	text_2: autoDraw = False
51.3771 	EXP 	leftImagePortrait: image = 'stimuli/1/2/7_barber.png'
51.3771 	EXP 	rightImagePortrait: image = 'stimuli/1/2/1_barber.png'
51.3772 	EXP 	window1: recordFrameIntervals = False
51.8675 	EXP 	leftImagePortrait: autoDraw = True
51.8675 	EXP 	rightImagePortrait: autoDraw = True
56.8722 	EXP 	leftImagePortrait: autoDraw = False
56.8722 	EXP 	rightImagePortrait: autoDraw = False
56.8722 	EXP 	text_2: autoDraw = True
57.2433 	EXP 	New trial (rep=7, index=0): None
57.3161 	EXP 	window1: recordFrameIntervals = False
57.3178 	DATA 	Keypress: left
57.3211 	EXP 	leftImagePortrait: autoDraw = False
57.3211 	EXP 	rightImagePortrait: autoDraw = False
57.3211 	EXP 	text_2: autoDraw = False
57.3211 	EXP 	leftImagePortrait: image = 'stimuli/1/1/7_barber.png'
57.3211 	EXP 	rightImagePortrait: image = 'stimuli/1/1/1_barber.png'
57.3212 	EXP 	window1: recordFrameIntervals = False
57.8120 	EXP 	leftImagePortrait: autoDraw = True
57.8120 	EXP 	rightImagePortrait: autoDraw = True
62.8172 	EXP 	leftImagePortrait: autoDraw = False
62.8172 	EXP 	rightImagePortrait: autoDraw = False
62.8172 	EXP 	text_2: autoDraw = True
63.1880 	EXP 	New trial (rep=8, index=0): None
63.2604 	EXP 	window1: recordFrameIntervals = False
63.2631 	DATA 	Keypress: left
63.2664 	EXP 	leftImagePortrait: autoDraw = False
63.2664 	EXP 	rightImagePortrait: autoDraw = False
63.2664 	EXP 	text_2: autoDraw = False
63.2664 	EXP 	leftImagePortrait: image = 'stimuli/1/1/1_barber.png'
63.2664 	EXP 	rightImagePortrait: image = 'stimuli/1/1/7_barber.png'
63.2665 	EXP 	window1: recordFrameIntervals = False
63.7577 	EXP 	leftImagePortrait: autoDraw = True
63.7577 	EXP 	rightImagePortrait: autoDraw = True
68.7625 	EXP 	leftImagePortrait: autoDraw = False
68.7625 	EXP 	rightImagePortrait: autoDraw = False
68.7625 	EXP 	text_2: autoDraw = True
69.1208 	EXP 	New trial (rep=9, index=0): None
69.1943 	EXP 	window1: recordFrameIntervals = False
69.1963 	DATA 	Keypress: right
69.1996 	EXP 	leftImagePortrait: autoDraw = False
69.1996 	EXP 	rightImagePortrait: autoDraw = False
69.1996 	EXP 	text_2: autoDraw = False
69.1996 	EXP 	leftImagePortrait: image = 'stimuli/1/2/1_barber.png'
69.1996 	EXP 	rightImagePortrait: image = 'stimuli/1/2/7_barber.png'
69.1997 	EXP 	window1: recordFrameIntervals = False
69.6893 	EXP 	leftImagePortrait: autoDraw = True
69.6893 	EXP 	rightImagePortrait: autoDraw = True
74.6909 	EXP 	leftImagePortrait: autoDraw = False
74.6909 	EXP 	rightImagePortrait: autoDraw = False
74.6909 	EXP 	text_2: autoDraw = True
75.1319 	DATA 	Keypress: right
75.1501 	EXP 	New trial (rep=10, index=0): None
75.2353 	EXP 	window1: recordFrameIntervals = False
75.2406 	EXP 	leftImagePortrait: autoDraw = False
75.2406 	EXP 	rightImagePortrait: autoDraw = False
75.2406 	EXP 	text_2: autoDraw = False
75.2406 	EXP 	leftImagePortrait: image = 'stimuli/1/1/1_barber.png'
75.2406 	EXP 	rightImagePortrait: image = 'stimuli/1/1/7_barber.png'
75.2407 	EXP 	window1: recordFrameIntervals = False
75.7303 	EXP 	leftImagePortrait: autoDraw = True
75.7303 	EXP 	rightImagePortrait: autoDraw = True
80.7358 	EXP 	leftImagePortrait: autoDraw = False
80.7358 	EXP 	rightImagePortrait: autoDraw = False
80.7358 	EXP 	text_2: autoDraw = True
81.0949 	EXP 	New trial (rep=11, index=0): None
81.1655 	EXP 	window1: recordFrameIntervals = False
81.1683 	DATA 	Keypress: left
81.1716 	EXP 	leftImagePortrait: autoDraw = False
81.1716 	EXP 	rightImagePortrait: autoDraw = False
81.1716 	EXP 	text_2: autoDraw = False
81.1716 	EXP 	leftImagePortrait: image = 'stimuli/1/2/7_barber.png'
81.1716 	EXP 	rightImagePortrait: image = 'stimuli/1/2/1_barber.png'
81.1718 	EXP 	window1: recordFrameIntervals = False
81.6615 	EXP 	leftImagePortrait: autoDraw = True
81.6615 	EXP 	rightImagePortrait: autoDraw = True
86.6643 	EXP 	leftImagePortrait: autoDraw = False
86.6643 	EXP 	rightImagePortrait: autoDraw = False
86.6643 	EXP 	text_2: autoDraw = True
86.9855 	EXP 	New trial (rep=12, index=0): None
87.0589 	EXP 	window1: recordFrameIntervals = False
87.0608 	DATA 	Keypress: left
87.0638 	EXP 	leftImagePortrait: autoDraw = False
87.0638 	EXP 	rightImagePortrait: autoDraw = False
87.0638 	EXP 	text_2: autoDraw = False
87.0638 	EXP 	leftImagePortrait: image = 'stimuli/1/3/7_barber.png'
87.0638 	EXP 	rightImagePortrait: image = 'stimuli/1/3/1_barber.png'
87.0639 	EXP 	window1: recordFrameIntervals = False
87.5546 	EXP 	leftImagePortrait: autoDraw = True
87.5546 	EXP 	rightImagePortrait: autoDraw = True
92.5591 	EXP 	leftImagePortrait: autoDraw = False
92.5591 	EXP 	rightImagePortrait: autoDraw = False
92.5591 	EXP 	text_2: autoDraw = True
105.2032 	DATA 	Keypress: escape
105.3960 	EXP 	window1: mouseVisible = True
