0.8614 	WARNING 	We strongly recommend you activate the PTB sound engine in PsychoPy prefs as the preferred audio engine. Its timing is vastly superior. Your prefs are currently set to use ['sounddevice', 'PTB', 'pyo', 'pygame'] (in that order).
10.1655 	WARNING 	User requested fullscreen with size [1536  864], but screen is actually [1920, 1080]. Using actual size
11.7505 	EXP 	Created window1 = Window(allowGUI=False, allowStencil=False, args=UNKNOWN, autoLog=True, bitsMode=UNKNOWN, blendMode='avg', bpc=(8, 8, 8), color=array([0., 0., 0.]), colorSpace='rgb', depthBits=8, fullscr=<method-wrapper '__getattribute__' of attributeSetter object at 0x0000010971F654A8>, gamma=None, gammaErrorPolicy='raise', kwargs=UNKNOWN, lms=UNKNOWN, monitor=<psychopy.monitors.calibTools.Monitor object at 0x0000010971DA1B70>, multiSample=False, name='window1', numSamples=2, pos=[0.0, 0.0], screen=0, size=array([1920, 1080]), stencilBits=0, stereo=False, units='norm', useFBO=True, useRetina=False, viewOri=0.0, viewPos=None, viewScale=None, waitBlanking=True, winType='pyglet')
11.7512 	EXP 	window1: mouseVisible = True
11.7513 	EXP 	window1: recordFrameIntervals = False
11.9152 	EXP 	window1: recordFrameIntervals = True
12.0992 	EXP 	window1: recordFrameIntervals = False
12.2219 	EXP 	Created text = TextStim(__class__=<class 'psychopy.visual.text.TextStim'>, alignHoriz=method-wrapper(...), alignText='center', alignVert=method-wrapper(...), anchorHoriz='center', anchorVert='center', antialias=True, autoLog=True, bold=False, color='white', colorSpace='named', contrast=1.0, depth=0.0, flipHoriz=False, flipVert=False, font='Arial', fontFiles=[], height=0.1, italic=False, languageStyle='LTR', name='text', opacity=1.0, ori=0, pos=array([0., 0.]), rgb=array([255., 255., 255.]), text=str(...), units='norm', win=Window(...), wrapWidth=1)
12.2234 	EXP 	Created leftImagePortrait = ImageStim(__class__=<class 'psychopy.visual.image.ImageStim'>, autoLog=True, color=array([1., 1., 1.]), colorSpace='rgb', contrast=1.0, depth=-1.0, flipHoriz=False, flipVert=False, image='sin', interpolate=True, mask=None, maskParams=None, name='leftImagePortrait', opacity=1.0, ori=0.0, pos=array([-0.5,  0. ]), size=array([1., 1.]), texRes=128, units='norm', win=Window(...))
12.2245 	EXP 	Created rightImagePortrait = ImageStim(__class__=<class 'psychopy.visual.image.ImageStim'>, autoLog=True, color=array([1., 1., 1.]), colorSpace='rgb', contrast=1.0, depth=-3.0, flipHoriz=False, flipVert=False, image='sin', interpolate=True, mask=None, maskParams=None, name='rightImagePortrait', opacity=1.0, ori=0.0, pos=array([0.5, 0. ]), size=array([0.5, 0.5]), texRes=128, units='norm', win=Window(...))
12.2266 	EXP 	Created text_2 = TextStim(__class__=<class 'psychopy.visual.text.TextStim'>, alignHoriz=method-wrapper(...), alignText='center', alignVert=method-wrapper(...), anchorHoriz='center', anchorVert='center', antialias=True, autoLog=True, bold=False, color='white', colorSpace='named', contrast=1.0, depth=-4.0, flipHoriz=False, flipVert=False, font='Arial', fontFiles=[], height=0.1, italic=False, languageStyle='LTR', name='text_2', opacity=1.0, ori=0, pos=array([0., 0.]), rgb=array([255., 255., 255.]), text='Please record your answer. ', units='norm', win=Window(...), wrapWidth=1)
12.2555 	EXP 	text: autoDraw = True
12.5616 	EXP 	Imported imageConds2.xlsx as conditions, 2 conditions, 3 params
12.5618 	EXP 	Created sequence: sequential, trialTypes=2, nReps=1, seed=None
12.5622 	EXP 	New trial (rep=0, index=0): OrderedDict([('imageSetLvl', 1), ('imageSetName', 'barber'), ('refSetNumber', 7)])
12.5646 	EXP 	Created sequence: random, trialTypes=1, nReps=60, seed=None
12.5649 	EXP 	New trial (rep=0, index=0): None
12.7516 	EXP 	window1: recordFrameIntervals = False
12.7536 	DATA 	Keypress: space
12.7572 	EXP 	text: autoDraw = False
12.7572 	EXP 	leftImagePortrait: image = 'stimuli/1/2/21_barber.png'
12.7572 	EXP 	rightImagePortrait: image = 'stimuli/1/2/7_barber.png'
12.7573 	EXP 	window1: recordFrameIntervals = False
13.2653 	EXP 	leftImagePortrait: autoDraw = True
13.2653 	EXP 	rightImagePortrait: autoDraw = True
18.2446 	EXP 	text_2: autoDraw = True
18.2767 	EXP 	leftImagePortrait: autoDraw = False
18.2767 	EXP 	rightImagePortrait: autoDraw = False
20.8515 	EXP 	New trial (rep=1, index=0): None
20.9297 	EXP 	window1: recordFrameIntervals = False
20.9316 	DATA 	Keypress: right
20.9349 	EXP 	leftImagePortrait: autoDraw = False
20.9349 	EXP 	rightImagePortrait: autoDraw = False
20.9349 	EXP 	text_2: autoDraw = False
20.9349 	EXP 	leftImagePortrait: image = 'stimuli/1/2/7_barber.png'
20.9349 	EXP 	rightImagePortrait: image = 'stimuli/1/2/21_barber.png'
20.9350 	EXP 	window1: recordFrameIntervals = False
21.4252 	EXP 	leftImagePortrait: autoDraw = True
21.4252 	EXP 	rightImagePortrait: autoDraw = True
26.4218 	EXP 	text_2: autoDraw = True
26.4368 	EXP 	leftImagePortrait: autoDraw = False
26.4368 	EXP 	rightImagePortrait: autoDraw = False
28.0728 	DATA 	Keypress: escape
28.2452 	EXP 	window1: mouseVisible = True
