2.5388 	WARNING 	We strongly recommend you activate the PTB sound engine in PsychoPy prefs as the preferred audio engine. Its timing is vastly superior. Your prefs are currently set to use ['sounddevice', 'PTB', 'pyo', 'pygame'] (in that order).
22.7632 	WARNING 	User requested fullscreen with size [1536  864], but screen is actually [1920, 1080]. Using actual size
26.0375 	EXP 	Created window1 = Window(allowGUI=False, allowStencil=False, args=UNKNOWN, autoLog=True, bitsMode=UNKNOWN, blendMode='avg', bpc=(8, 8, 8), color=array([0., 0., 0.]), colorSpace='rgb', depthBits=8, fullscr=<method-wrapper '__getattribute__' of attributeSetter object at 0x000001E2872D5240>, gamma=None, gammaErrorPolicy='raise', kwargs=UNKNOWN, lms=UNKNOWN, monitor=<psychopy.monitors.calibTools.Monitor object at 0x000001E2873A1940>, multiSample=False, name='window1', numSamples=2, pos=[0.0, 0.0], screen=0, size=array([1920, 1080]), stencilBits=0, stereo=False, units='norm', useFBO=True, useRetina=False, viewOri=0.0, viewPos=None, viewScale=None, waitBlanking=True, winType='pyglet')
26.0378 	EXP 	window1: mouseVisible = True
26.0379 	EXP 	window1: recordFrameIntervals = False
26.2033 	EXP 	window1: recordFrameIntervals = True
26.3867 	EXP 	window1: recordFrameIntervals = False
26.6243 	EXP 	Created text = TextStim(__class__=<class 'psychopy.visual.text.TextStim'>, alignHoriz=method-wrapper(...), alignText='center', alignVert=method-wrapper(...), anchorHoriz='center', anchorVert='center', antialias=True, autoLog=True, bold=False, color='white', colorSpace='named', contrast=1.0, depth=0.0, flipHoriz=False, flipVert=False, font='Arial', fontFiles=[], height=0.1, italic=False, languageStyle='LTR', name='text', opacity=1.0, ori=0, pos=array([0., 0.]), rgb=array([255., 255., 255.]), text=str(...), units='norm', win=Window(...), wrapWidth=1)
26.6278 	EXP 	Created leftImagePortrait = ImageStim(__class__=<class 'psychopy.visual.image.ImageStim'>, autoLog=True, color=array([1., 1., 1.]), colorSpace='rgb', contrast=1.0, depth=-1.0, flipHoriz=False, flipVert=False, image='sin', interpolate=True, mask=None, maskParams=None, name='leftImagePortrait', opacity=1.0, ori=0.0, pos=array([-0.5,  0. ]), size=array([0.5, 0.5]), texRes=128, units='norm', win=Window(...))
26.6305 	EXP 	Created rightImagePortrait = ImageStim(__class__=<class 'psychopy.visual.image.ImageStim'>, autoLog=True, color=array([1., 1., 1.]), colorSpace='rgb', contrast=1.0, depth=-3.0, flipHoriz=False, flipVert=False, image='sin', interpolate=True, mask=None, maskParams=None, name='rightImagePortrait', opacity=1.0, ori=0.0, pos=array([0.5, 0. ]), size=array([0.5, 0.5]), texRes=128, units='norm', win=Window(...))
26.6359 	EXP 	Created text_2 = TextStim(__class__=<class 'psychopy.visual.text.TextStim'>, alignHoriz=method-wrapper(...), alignText='center', alignVert=method-wrapper(...), anchorHoriz='center', anchorVert='center', antialias=True, autoLog=True, bold=False, color='white', colorSpace='named', contrast=1.0, depth=-4.0, flipHoriz=False, flipVert=False, font='Arial', fontFiles=[], height=0.1, italic=False, languageStyle='LTR', name='text_2', opacity=1.0, ori=0, pos=array([0., 0.]), rgb=array([255., 255., 255.]), text='Please record your answer. ', units='norm', win=Window(...), wrapWidth=1)
26.6712 	EXP 	text: autoDraw = True
27.9149 	EXP 	Imported imageConds.xlsx as conditions, 1 conditions, 2 params
27.9153 	EXP 	Created sequence: sequential, trialTypes=1, nReps=1, seed=None
27.9157 	EXP 	New trial (rep=0, index=0): OrderedDict([('imageSetLvl', 1), ('imageSetName', 'all')])
27.9184 	EXP 	Created sequence: random, trialTypes=1, nReps=18, seed=None
27.9189 	EXP 	New trial (rep=0, index=0): None
28.0135 	EXP 	window1: recordFrameIntervals = False
28.0154 	DATA 	Keypress: space
28.0184 	EXP 	text: autoDraw = False
28.0184 	EXP 	leftImagePortrait: image = 'stimuli/1/2/8_all.png'
28.0184 	EXP 	rightImagePortrait: image = 'stimuli/1/2/24_all.png'
28.0185 	EXP 	window1: recordFrameIntervals = False
28.5693 	EXP 	leftImagePortrait: autoDraw = True
28.5693 	EXP 	rightImagePortrait: autoDraw = True
33.5145 	EXP 	text_2: autoDraw = True
33.5806 	EXP 	leftImagePortrait: autoDraw = False
33.5806 	EXP 	rightImagePortrait: autoDraw = False
38.1816 	DATA 	Keypress: space
48.7397 	EXP 	window1: mouseVisible = True
