0.8455 	WARNING 	We strongly recommend you activate the PTB sound engine in PsychoPy prefs as the preferred audio engine. Its timing is vastly superior. Your prefs are currently set to use ['sounddevice', 'PTB', 'pyo', 'pygame'] (in that order).
126.0534 	WARNING 	User requested fullscreen with size [1536  864], but screen is actually [1920, 1080]. Using actual size
127.2570 	EXP 	Created window1 = Window(allowGUI=False, allowStencil=False, args=UNKNOWN, autoLog=True, bitsMode=UNKNOWN, blendMode='avg', bpc=(8, 8, 8), color=array([0., 0., 0.]), colorSpace='rgb', depthBits=8, fullscr=<method-wrapper '__getattribute__' of attributeSetter object at 0x000002A2EC1352E8>, gamma=None, gammaErrorPolicy='raise', kwargs=UNKNOWN, lms=UNKNOWN, monitor=<psychopy.monitors.calibTools.Monitor object at 0x000002A2EC2019E8>, multiSample=False, name='window1', numSamples=2, pos=[0.0, 0.0], screen=0, size=array([1920, 1080]), stencilBits=0, stereo=False, units='norm', useFBO=True, useRetina=False, viewOri=0.0, viewPos=None, viewScale=None, waitBlanking=True, winType='pyglet')
127.2573 	EXP 	window1: mouseVisible = True
127.2574 	EXP 	window1: recordFrameIntervals = False
127.4235 	EXP 	window1: recordFrameIntervals = True
127.6070 	EXP 	window1: recordFrameIntervals = False
127.7313 	EXP 	Created text = TextStim(__class__=<class 'psychopy.visual.text.TextStim'>, alignHoriz=method-wrapper(...), alignText='center', alignVert=method-wrapper(...), anchorHoriz='center', anchorVert='center', antialias=True, autoLog=True, bold=False, color='white', colorSpace='named', contrast=1.0, depth=0.0, flipHoriz=False, flipVert=False, font='Arial', fontFiles=[], height=0.1, italic=False, languageStyle='LTR', name='text', opacity=1.0, ori=0, pos=array([0., 0.]), rgb=array([255., 255., 255.]), text=str(...), units='norm', win=Window(...), wrapWidth=1)
127.7338 	EXP 	Created leftImagePortrait = ImageStim(__class__=<class 'psychopy.visual.image.ImageStim'>, autoLog=True, color=array([1., 1., 1.]), colorSpace='rgb', contrast=1.0, depth=-1.0, flipHoriz=False, flipVert=False, image='sin', interpolate=True, mask=None, maskParams=None, name='leftImagePortrait', opacity=1.0, ori=0.0, pos=array([-0.5,  0. ]), size=array([1., 1.]), texRes=128, units='norm', win=Window(...))
127.7350 	EXP 	Created rightImagePortrait = ImageStim(__class__=<class 'psychopy.visual.image.ImageStim'>, autoLog=True, color=array([1., 1., 1.]), colorSpace='rgb', contrast=1.0, depth=-3.0, flipHoriz=False, flipVert=False, image='sin', interpolate=True, mask=None, maskParams=None, name='rightImagePortrait', opacity=1.0, ori=0.0, pos=array([0.5, 0. ]), size=array([0.5, 0.5]), texRes=128, units='norm', win=Window(...))
127.7371 	EXP 	Created text_2 = TextStim(__class__=<class 'psychopy.visual.text.TextStim'>, alignHoriz=method-wrapper(...), alignText='center', alignVert=method-wrapper(...), anchorHoriz='center', anchorVert='center', antialias=True, autoLog=True, bold=False, color='white', colorSpace='named', contrast=1.0, depth=-4.0, flipHoriz=False, flipVert=False, font='Arial', fontFiles=[], height=0.1, italic=False, languageStyle='LTR', name='text_2', opacity=1.0, ori=0, pos=array([0., 0.]), rgb=array([255., 255., 255.]), text='Please record your answer. ', units='norm', win=Window(...), wrapWidth=1)
127.7669 	EXP 	text: autoDraw = True
128.7983 	EXP 	Imported imageConds.xlsx as conditions, 1 conditions, 2 params
128.7985 	EXP 	Created sequence: sequential, trialTypes=1, nReps=1, seed=None
128.7987 	EXP 	New trial (rep=0, index=0): OrderedDict([('imageSetLvl', 1), ('imageSetName', 'all')])
128.8010 	EXP 	Created sequence: random, trialTypes=1, nReps=60, seed=None
128.8013 	EXP 	New trial (rep=0, index=0): None
128.8722 	EXP 	window1: recordFrameIntervals = False
128.8742 	DATA 	Keypress: space
128.8772 	EXP 	text: autoDraw = False
128.8772 	EXP 	leftImagePortrait: image = 'stimuli/1/1/24_all.png'
128.8772 	EXP 	rightImagePortrait: image = 'stimuli/1/1/8_all.png'
128.8773 	EXP 	window1: recordFrameIntervals = False
129.3847 	EXP 	leftImagePortrait: autoDraw = True
129.3847 	EXP 	rightImagePortrait: autoDraw = True
134.3842 	EXP 	leftImagePortrait: autoDraw = False
134.3842 	EXP 	rightImagePortrait: autoDraw = False
134.3842 	EXP 	text_2: autoDraw = True
135.9698 	DATA 	Keypress: escape
136.1826 	EXP 	window1: mouseVisible = True
