3.0184 	WARNING 	We strongly recommend you activate the PTB sound engine in PsychoPy prefs as the preferred audio engine. Its timing is vastly superior. Your prefs are currently set to use ['sounddevice', 'PTB', 'pyo', 'pygame'] (in that order).
11.7160 	WARNING 	User requested fullscreen with size [1536  864], but screen is actually [1920, 1080]. Using actual size
14.5953 	EXP 	Created window1 = Window(allowGUI=False, allowStencil=False, args=UNKNOWN, autoLog=True, bitsMode=UNKNOWN, blendMode='avg', bpc=(8, 8, 8), color=array([0., 0., 0.]), colorSpace='rgb', depthBits=8, fullscr=<method-wrapper '__getattribute__' of attributeSetter object at 0x000001E3C05941D0>, gamma=None, gammaErrorPolicy='raise', kwargs=UNKNOWN, lms=UNKNOWN, monitor=<psychopy.monitors.calibTools.Monitor object at 0x000001E3C039B8D0>, multiSample=False, name='window1', numSamples=2, pos=[0.0, 0.0], screen=0, size=array([1920, 1080]), stencilBits=0, stereo=False, units='norm', useFBO=True, useRetina=False, viewOri=0.0, viewPos=None, viewScale=None, waitBlanking=True, winType='pyglet')
14.5957 	EXP 	window1: mouseVisible = True
14.5957 	EXP 	window1: recordFrameIntervals = False
14.7611 	EXP 	window1: recordFrameIntervals = True
14.9445 	EXP 	window1: recordFrameIntervals = False
15.3075 	EXP 	Created text = TextStim(__class__=<class 'psychopy.visual.text.TextStim'>, alignHoriz=method-wrapper(...), alignText='center', alignVert=method-wrapper(...), anchorHoriz='center', anchorVert='center', antialias=True, autoLog=True, bold=False, color='white', colorSpace='named', contrast=1.0, depth=0.0, flipHoriz=False, flipVert=False, font='Arial', fontFiles=[], height=0.1, italic=False, languageStyle='LTR', name='text', opacity=1.0, ori=0, pos=array([0., 0.]), rgb=array([255., 255., 255.]), text=str(...), units='norm', win=Window(...), wrapWidth=1)
15.3112 	EXP 	Created leftImagePortrait = ImageStim(__class__=<class 'psychopy.visual.image.ImageStim'>, autoLog=True, color=array([1., 1., 1.]), colorSpace='rgb', contrast=1.0, depth=-1.0, flipHoriz=False, flipVert=False, image='sin', interpolate=True, mask=None, maskParams=None, name='leftImagePortrait', opacity=1.0, ori=0.0, pos=array([-0.5,  0. ]), size=array([0.5, 0.5]), texRes=128, units='norm', win=Window(...))
15.3142 	EXP 	Created rightImagePortrait = ImageStim(__class__=<class 'psychopy.visual.image.ImageStim'>, autoLog=True, color=array([1., 1., 1.]), colorSpace='rgb', contrast=1.0, depth=-3.0, flipHoriz=False, flipVert=False, image='sin', interpolate=True, mask=None, maskParams=None, name='rightImagePortrait', opacity=1.0, ori=0.0, pos=array([0.5, 0. ]), size=array([0.5, 0.5]), texRes=128, units='norm', win=Window(...))
15.3198 	EXP 	Created text_2 = TextStim(__class__=<class 'psychopy.visual.text.TextStim'>, alignHoriz=method-wrapper(...), alignText='center', alignVert=method-wrapper(...), anchorHoriz='center', anchorVert='center', antialias=True, autoLog=True, bold=False, color='white', colorSpace='named', contrast=1.0, depth=-4.0, flipHoriz=False, flipVert=False, font='Arial', fontFiles=[], height=0.1, italic=False, languageStyle='LTR', name='text_2', opacity=1.0, ori=0, pos=array([0., 0.]), rgb=array([255., 255., 255.]), text='Please record your answer. ', units='norm', win=Window(...), wrapWidth=1)
15.3552 	EXP 	text: autoDraw = True
16.6024 	EXP 	Imported imageConds.xlsx as conditions, 1 conditions, 2 params
16.6028 	EXP 	Created sequence: sequential, trialTypes=1, nReps=1, seed=None
16.6032 	EXP 	New trial (rep=0, index=0): OrderedDict([('imageSetLvl', 1), ('imageSetName', 'all')])
16.6057 	EXP 	Created sequence: random, trialTypes=1, nReps=18, seed=None
16.6062 	EXP 	New trial (rep=0, index=0): None
16.6944 	EXP 	window1: recordFrameIntervals = False
16.6961 	DATA 	Keypress: space
16.6990 	EXP 	text: autoDraw = False
16.6990 	EXP 	leftImagePortrait: image = 'stimuli/1/2/8_all.png'
16.6990 	EXP 	rightImagePortrait: image = 'stimuli/1/2/24_all.png'
16.6992 	EXP 	window1: recordFrameIntervals = False
17.2447 	EXP 	leftImagePortrait: autoDraw = True
17.2447 	EXP 	rightImagePortrait: autoDraw = True
22.1888 	EXP 	text_2: autoDraw = True
22.2549 	EXP 	leftImagePortrait: autoDraw = False
22.2549 	EXP 	rightImagePortrait: autoDraw = False
23.6083 	DATA 	Keypress: right
25.5906 	DATA 	Keypress: right
26.1606 	EXP 	New trial (rep=1, index=0): None
26.2216 	EXP 	window1: recordFrameIntervals = False
26.2240 	DATA 	Keypress: left
26.2267 	EXP 	leftImagePortrait: autoDraw = False
26.2267 	EXP 	rightImagePortrait: autoDraw = False
26.2267 	EXP 	text_2: autoDraw = False
26.2267 	EXP 	leftImagePortrait: image = 'stimuli/1/2/24_all.png'
26.2267 	EXP 	rightImagePortrait: image = 'stimuli/1/2/8_all.png'
26.2269 	EXP 	window1: recordFrameIntervals = False
26.7252 	EXP 	leftImagePortrait: autoDraw = True
26.7252 	EXP 	rightImagePortrait: autoDraw = True
31.7143 	EXP 	text_2: autoDraw = True
31.7305 	EXP 	leftImagePortrait: autoDraw = False
31.7305 	EXP 	rightImagePortrait: autoDraw = False
32.5602 	EXP 	window1: mouseVisible = True
