2.5205 	WARNING 	We strongly recommend you activate the PTB sound engine in PsychoPy prefs as the preferred audio engine. Its timing is vastly superior. Your prefs are currently set to use ['sounddevice', 'PTB', 'pyo', 'pygame'] (in that order).
11.0376 	WARNING 	User requested fullscreen with size [1536  864], but screen is actually [1920, 1080]. Using actual size
13.8718 	EXP 	Created window1 = Window(allowGUI=False, allowStencil=False, args=UNKNOWN, autoLog=True, bitsMode=UNKNOWN, blendMode='avg', bpc=(8, 8, 8), color=array([0., 0., 0.]), colorSpace='rgb', depthBits=8, fullscr=<method-wrapper '__getattribute__' of attributeSetter object at 0x0000019A81255240>, gamma=None, gammaErrorPolicy='raise', kwargs=UNKNOWN, lms=UNKNOWN, monitor=<psychopy.monitors.calibTools.Monitor object at 0x0000019A8109B940>, multiSample=False, name='window1', numSamples=2, pos=[0.0, 0.0], screen=0, size=array([1920, 1080]), stencilBits=0, stereo=False, units='norm', useFBO=True, useRetina=False, viewOri=0.0, viewPos=None, viewScale=None, waitBlanking=True, winType='pyglet')
13.8722 	EXP 	window1: mouseVisible = True
13.8722 	EXP 	window1: recordFrameIntervals = False
14.0377 	EXP 	window1: recordFrameIntervals = True
14.2210 	EXP 	window1: recordFrameIntervals = False
14.4588 	EXP 	Created text = TextStim(__class__=<class 'psychopy.visual.text.TextStim'>, alignHoriz=method-wrapper(...), alignText='center', alignVert=method-wrapper(...), anchorHoriz='center', anchorVert='center', antialias=True, autoLog=True, bold=False, color='white', colorSpace='named', contrast=1.0, depth=0.0, flipHoriz=False, flipVert=False, font='Arial', fontFiles=[], height=0.1, italic=False, languageStyle='LTR', name='text', opacity=1.0, ori=0, pos=array([0., 0.]), rgb=array([255., 255., 255.]), text=str(...), units='norm', win=Window(...), wrapWidth=1)
14.4625 	EXP 	Created leftImagePortrait = ImageStim(__class__=<class 'psychopy.visual.image.ImageStim'>, autoLog=True, color=array([1., 1., 1.]), colorSpace='rgb', contrast=1.0, depth=-1.0, flipHoriz=False, flipVert=False, image='sin', interpolate=True, mask=None, maskParams=None, name='leftImagePortrait', opacity=1.0, ori=0.0, pos=array([-0.5,  0. ]), size=array([0.5, 0.5]), texRes=128, units='norm', win=Window(...))
14.4653 	EXP 	Created rightImagePortrait = ImageStim(__class__=<class 'psychopy.visual.image.ImageStim'>, autoLog=True, color=array([1., 1., 1.]), colorSpace='rgb', contrast=1.0, depth=-3.0, flipHoriz=False, flipVert=False, image='sin', interpolate=True, mask=None, maskParams=None, name='rightImagePortrait', opacity=1.0, ori=0.0, pos=array([0.5, 0. ]), size=array([0.5, 0.5]), texRes=128, units='norm', win=Window(...))
14.4709 	EXP 	Created text_2 = TextStim(__class__=<class 'psychopy.visual.text.TextStim'>, alignHoriz=method-wrapper(...), alignText='center', alignVert=method-wrapper(...), anchorHoriz='center', anchorVert='center', antialias=True, autoLog=True, bold=False, color='white', colorSpace='named', contrast=1.0, depth=-4.0, flipHoriz=False, flipVert=False, font='Arial', fontFiles=[], height=0.1, italic=False, languageStyle='LTR', name='text_2', opacity=1.0, ori=0, pos=array([0., 0.]), rgb=array([255., 255., 255.]), text='Please record your answer. ', units='norm', win=Window(...), wrapWidth=1)
14.5058 	EXP 	text: autoDraw = True
14.9137 	EXP 	Imported imageConds.xlsx as conditions, 1 conditions, 2 params
14.9141 	EXP 	Created sequence: sequential, trialTypes=1, nReps=1, seed=None
14.9145 	EXP 	New trial (rep=0, index=0): OrderedDict([('imageSetLvl', 1), ('imageSetName', 'all')])
14.9168 	EXP 	Created sequence: random, trialTypes=1, nReps=18, seed=None
14.9173 	EXP 	New trial (rep=0, index=0): None
15.0073 	EXP 	window1: recordFrameIntervals = False
15.0094 	DATA 	Keypress: space
15.0122 	EXP 	text: autoDraw = False
15.0122 	EXP 	leftImagePortrait: image = 'stimuli/1/2/24_all.png'
15.0122 	EXP 	rightImagePortrait: image = 'stimuli/1/2/8_all.png'
15.0124 	EXP 	window1: recordFrameIntervals = False
15.5583 	EXP 	leftImagePortrait: autoDraw = True
15.5583 	EXP 	rightImagePortrait: autoDraw = True
16.8547 	DATA 	Keypress: left
20.4995 	EXP 	text_2: autoDraw = True
20.5656 	EXP 	leftImagePortrait: autoDraw = False
20.5656 	EXP 	rightImagePortrait: autoDraw = False
21.1367 	DATA 	Keypress: right
22.9051 	EXP 	New trial (rep=1, index=0): None
22.9730 	EXP 	window1: recordFrameIntervals = False
22.9756 	DATA 	Keypress: left
22.9782 	EXP 	leftImagePortrait: autoDraw = False
22.9782 	EXP 	rightImagePortrait: autoDraw = False
22.9782 	EXP 	text_2: autoDraw = False
22.9782 	EXP 	leftImagePortrait: image = 'stimuli/1/2/18_all.png'
22.9782 	EXP 	rightImagePortrait: image = 'stimuli/1/2/8_all.png'
22.9784 	EXP 	window1: recordFrameIntervals = False
23.4672 	EXP 	leftImagePortrait: autoDraw = True
23.4672 	EXP 	rightImagePortrait: autoDraw = True
28.4757 	EXP 	leftImagePortrait: autoDraw = False
28.4757 	EXP 	rightImagePortrait: autoDraw = False
28.4757 	EXP 	text_2: autoDraw = True
30.2789 	DATA 	Keypress: right
32.8120 	EXP 	New trial (rep=2, index=0): None
33.2589 	EXP 	window1: mouseVisible = True
